<component name="libraryTable">
  <library name="junit-4.9  (2)">
    <CLASSES>
      <root url="jar://$PROJECT_DIR$/API/libs/junit-4.9.jar!/" />
    </CLASSES>
    <JAVADOC />
    <SOURCES />
  </library>
</component>